This is pdfTeX, Version 3.141592653-2.6-1.40.26 (MiKTeX 24.4) (preloaded format=pdflatex 2024.9.20)  3 OCT 2024 19:51
entering extended mode
 restricted \write18 enabled.
 %&-line parsing enabled.
**./main.tex
(main.tex
LaTeX2e <2024-06-01> patch level 2
L3 programming layer <2024-08-30>
(C:\Users\PMLS\AppData\Local\Programs\MiKTeX\tex/latex/base\report.cls
Document Class: report 2024/02/08 v1.4n Standard LaTeX document class
(C:\Users\PMLS\AppData\Local\Programs\MiKTeX\tex/latex/base\size12.clo
File: size12.clo 2024/02/08 v1.4n Standard LaTeX file (size option)
)
\c@part=\count194
\c@chapter=\count195
\c@section=\count196
\c@subsection=\count197
\c@subsubsection=\count198
\c@paragraph=\count199
\c@subparagraph=\count266
\c@figure=\count267
\c@table=\count268
\abovecaptionskip=\skip49
\belowcaptionskip=\skip50
\bibindent=\dimen141
)
(C:\Users\PMLS\AppData\Local\Programs\MiKTeX\tex/latex/graphics\graphicx.sty
Package: graphicx 2021/09/16 v1.2d Enhanced LaTeX Graphics (DPC,SPQR)

(C:\Users\PMLS\AppData\Local\Programs\MiKTeX\tex/latex/graphics\keyval.sty
Package: keyval 2022/05/29 v1.15 key=value parser (DPC)
\KV@toks@=\toks17
)
(C:\Users\PMLS\AppData\Local\Programs\MiKTeX\tex/latex/graphics\graphics.sty
Package: graphics 2024/05/23 v1.4g Standard LaTeX Graphics (DPC,SPQR)

(C:\Users\PMLS\AppData\Local\Programs\MiKTeX\tex/latex/graphics\trig.sty
Package: trig 2023/12/02 v1.11 sin cos tan (DPC)
)
(C:\Users\PMLS\AppData\Local\Programs\MiKTeX\tex/latex/graphics-cfg\graphics.cf
g
File: graphics.cfg 2016/06/04 v1.11 sample graphics configuration
)
Package graphics Info: Driver file: pdftex.def on input line 106.

(C:\Users\PMLS\AppData\Local\Programs\MiKTeX\tex/latex/graphics-def\pdftex.def
File: pdftex.def 2024/04/13 v1.2c Graphics/color driver for pdftex
))
\Gin@req@height=\dimen142
\Gin@req@width=\dimen143
) (C:\Users\PMLS\AppData\Local\Programs\MiKTeX\tex/latex/float\float.sty
Package: float 2001/11/08 v1.3d Float enhancements (AL)
\c@float@type=\count269
\float@exts=\toks18
\float@box=\box52
\@float@everytoks=\toks19
\@floatcapt=\box53
)
(C:\Users\PMLS\AppData\Local\Programs\MiKTeX\tex/latex/geometry\geometry.sty
Package: geometry 2020/01/02 v5.9 Page Geometry

(C:\Users\PMLS\AppData\Local\Programs\MiKTeX\tex/generic/iftex\ifvtex.sty
Package: ifvtex 2019/10/25 v1.7 ifvtex legacy package. Use iftex instead.

(C:\Users\PMLS\AppData\Local\Programs\MiKTeX\tex/generic/iftex\iftex.sty
Package: iftex 2022/02/03 v1.0f TeX engine tests
))
\Gm@cnth=\count270
\Gm@cntv=\count271
\c@Gm@tempcnt=\count272
\Gm@bindingoffset=\dimen144
\Gm@wd@mp=\dimen145
\Gm@odd@mp=\dimen146
\Gm@even@mp=\dimen147
\Gm@layoutwidth=\dimen148
\Gm@layoutheight=\dimen149
\Gm@layouthoffset=\dimen150
\Gm@layoutvoffset=\dimen151
\Gm@dimlist=\toks20

(C:\Users\PMLS\AppData\Local\Programs\MiKTeX\tex/latex/geometry\geometry.cfg))
(C:\Users\PMLS\AppData\Local\Programs\MiKTeX\tex/latex/psnfss\times.sty
Package: times 2020/03/25 PSNFSS-v9.3 (SPQR) 
)
(C:\Users\PMLS\AppData\Local\Programs\MiKTeX\tex/latex/hyperref\hyperref.sty
Package: hyperref 2024-07-10 v7.01j Hypertext links for LaTeX

(C:\Users\PMLS\AppData\Local\Programs\MiKTeX\tex/latex/kvsetkeys\kvsetkeys.sty
Package: kvsetkeys 2022-10-05 v1.19 Key value parser (HO)
)
(C:\Users\PMLS\AppData\Local\Programs\MiKTeX\tex/generic/kvdefinekeys\kvdefinek
eys.sty
Package: kvdefinekeys 2019-12-19 v1.6 Define keys (HO)
)
(C:\Users\PMLS\AppData\Local\Programs\MiKTeX\tex/generic/pdfescape\pdfescape.st
y
Package: pdfescape 2019/12/09 v1.15 Implements pdfTeX's escape features (HO)
 (C:\Users\PMLS\AppData\Local\Programs\MiKTeX\tex/generic/ltxcmds\ltxcmds.sty
Package: ltxcmds 2023-12-04 v1.26 LaTeX kernel commands for general use (HO)
)
(C:\Users\PMLS\AppData\Local\Programs\MiKTeX\tex/generic/pdftexcmds\pdftexcmds.
sty
Package: pdftexcmds 2020-06-27 v0.33 Utility functions of pdfTeX for LuaTeX (HO
)

(C:\Users\PMLS\AppData\Local\Programs\MiKTeX\tex/generic/infwarerr\infwarerr.st
y
Package: infwarerr 2019/12/03 v1.5 Providing info/warning/error messages (HO)
)
Package pdftexcmds Info: \pdf@primitive is available.
Package pdftexcmds Info: \pdf@ifprimitive is available.
Package pdftexcmds Info: \pdfdraftmode found.
)) (C:\Users\PMLS\AppData\Local\Programs\MiKTeX\tex/latex/hycolor\hycolor.sty
Package: hycolor 2020-01-27 v1.10 Color options for hyperref/bookmark (HO)
) (C:\Users\PMLS\AppData\Local\Programs\MiKTeX\tex/latex/hyperref\nameref.sty
Package: nameref 2023-11-26 v2.56 Cross-referencing by name of section

(C:\Users\PMLS\AppData\Local\Programs\MiKTeX\tex/latex/refcount\refcount.sty
Package: refcount 2019/12/15 v3.6 Data extraction from label references (HO)
)
(C:\Users\PMLS\AppData\Local\Programs\MiKTeX\tex/generic/gettitlestring\gettitl
estring.sty
Package: gettitlestring 2019/12/15 v1.6 Cleanup title references (HO)

(C:\Users\PMLS\AppData\Local\Programs\MiKTeX\tex/latex/kvoptions\kvoptions.sty
Package: kvoptions 2022-06-15 v3.15 Key value format for package options (HO)
))
\c@section@level=\count273
) (C:\Users\PMLS\AppData\Local\Programs\MiKTeX\tex/latex/etoolbox\etoolbox.sty
Package: etoolbox 2020/10/05 v2.5k e-TeX tools for LaTeX (JAW)
\etb@tempcnta=\count274
)
(C:\Users\PMLS\AppData\Local\Programs\MiKTeX\tex/generic/stringenc\stringenc.st
y
Package: stringenc 2019/11/29 v1.12 Convert strings between diff. encodings (HO
)
)
\@linkdim=\dimen152
\Hy@linkcounter=\count275
\Hy@pagecounter=\count276
 (C:\Users\PMLS\AppData\Local\Programs\MiKTeX\tex/latex/hyperref\pd1enc.def
File: pd1enc.def 2024-07-10 v7.01j Hyperref: PDFDocEncoding definition (HO)
Now handling font encoding PD1 ...
... no UTF-8 mapping file for font encoding PD1
)
(C:\Users\PMLS\AppData\Local\Programs\MiKTeX\tex/generic/intcalc\intcalc.sty
Package: intcalc 2019/12/15 v1.3 Expandable calculations with integers (HO)
)
\Hy@SavedSpaceFactor=\count277

(C:\Users\PMLS\AppData\Local\Programs\MiKTeX\tex/latex/hyperref\puenc.def
File: puenc.def 2024-07-10 v7.01j Hyperref: PDF Unicode definition (HO)
Now handling font encoding PU ...
... no UTF-8 mapping file for font encoding PU
)
Package hyperref Info: Hyper figures OFF on input line 4157.
Package hyperref Info: Link nesting OFF on input line 4162.
Package hyperref Info: Hyper index ON on input line 4165.
Package hyperref Info: Plain pages OFF on input line 4172.
Package hyperref Info: Backreferencing OFF on input line 4177.
Package hyperref Info: Implicit mode ON; LaTeX internals redefined.
Package hyperref Info: Bookmarks ON on input line 4424.
\c@Hy@tempcnt=\count278

(C:\Users\PMLS\AppData\Local\Programs\MiKTeX\tex/latex/url\url.sty
\Urlmuskip=\muskip17
Package: url 2013/09/16  ver 3.4  Verb mode for urls, etc.
)
LaTeX Info: Redefining \url on input line 4763.
\XeTeXLinkMargin=\dimen153

(C:\Users\PMLS\AppData\Local\Programs\MiKTeX\tex/generic/bitset\bitset.sty
Package: bitset 2019/12/09 v1.3 Handle bit-vector datatype (HO)

(C:\Users\PMLS\AppData\Local\Programs\MiKTeX\tex/generic/bigintcalc\bigintcalc.
sty
Package: bigintcalc 2019/12/15 v1.5 Expandable calculations on big integers (HO
)
))
\Fld@menulength=\count279
\Field@Width=\dimen154
\Fld@charsize=\dimen155
Package hyperref Info: Hyper figures OFF on input line 6042.
Package hyperref Info: Link nesting OFF on input line 6047.
Package hyperref Info: Hyper index ON on input line 6050.
Package hyperref Info: backreferencing OFF on input line 6057.
Package hyperref Info: Link coloring OFF on input line 6062.
Package hyperref Info: Link coloring with OCG OFF on input line 6067.
Package hyperref Info: PDF/A mode OFF on input line 6072.

(C:\Users\PMLS\AppData\Local\Programs\MiKTeX\tex/latex/base\atbegshi-ltx.sty
Package: atbegshi-ltx 2021/01/10 v1.0c Emulation of the original atbegshi
package with kernel methods
)
\Hy@abspage=\count280
\c@Item=\count281
\c@Hfootnote=\count282
)
Package hyperref Info: Driver (autodetected): hpdftex.

(C:\Users\PMLS\AppData\Local\Programs\MiKTeX\tex/latex/hyperref\hpdftex.def
File: hpdftex.def 2024-07-10 v7.01j Hyperref driver for pdfTeX

(C:\Users\PMLS\AppData\Local\Programs\MiKTeX\tex/latex/base\atveryend-ltx.sty
Package: atveryend-ltx 2020/08/19 v1.0a Emulation of the original atveryend pac
kage
with kernel methods
)
\Fld@listcount=\count283
\c@bookmark@seq@number=\count284

(C:\Users\PMLS\AppData\Local\Programs\MiKTeX\tex/latex/rerunfilecheck\rerunfile
check.sty
Package: rerunfilecheck 2022-07-10 v1.10 Rerun checks for auxiliary files (HO)

(C:\Users\PMLS\AppData\Local\Programs\MiKTeX\tex/generic/uniquecounter\uniqueco
unter.sty
Package: uniquecounter 2019/12/15 v1.4 Provide unlimited unique counter (HO)
)
Package uniquecounter Info: New unique counter `rerunfilecheck' on input line 2
85.
)
\Hy@SectionHShift=\skip51
)
(C:\Users\PMLS\AppData\Local\Programs\MiKTeX\tex/latex/cite\cite.sty
LaTeX Info: Redefining \cite on input line 302.
LaTeX Info: Redefining \nocite on input line 332.
Package: cite 2015/02/27  v 5.5
)
(C:\Users\PMLS\AppData\Local\Programs\MiKTeX\tex/latex/listings\listings.sty
\lst@mode=\count285
\lst@gtempboxa=\box54
\lst@token=\toks21
\lst@length=\count286
\lst@currlwidth=\dimen156
\lst@column=\count287
\lst@pos=\count288
\lst@lostspace=\dimen157
\lst@width=\dimen158
\lst@newlines=\count289
\lst@lineno=\count290
\lst@maxwidth=\dimen159

(C:\Users\PMLS\AppData\Local\Programs\MiKTeX\tex/latex/listings\lstpatch.sty
File: lstpatch.sty 2024/05/25 1.10b (Carsten Heinz)
)
(C:\Users\PMLS\AppData\Local\Programs\MiKTeX\tex/latex/listings\lstmisc.sty
File: lstmisc.sty 2024/05/25 1.10b (Carsten Heinz)
\c@lstnumber=\count291
\lst@skipnumbers=\count292
\lst@framebox=\box55
)
(C:\Users\PMLS\AppData\Local\Programs\MiKTeX\tex/latex/listings\listings.cfg
File: listings.cfg 2024/05/25 1.10b listings configuration
))
Package: listings 2024/05/25 1.10b (Carsten Heinz)

(C:\Users\PMLS\AppData\Local\Programs\MiKTeX\tex/latex/graphics\color.sty
Package: color 2024/01/14 v1.3d Standard LaTeX Color (DPC)

(C:\Users\PMLS\AppData\Local\Programs\MiKTeX\tex/latex/graphics-cfg\color.cfg
File: color.cfg 2016/01/02 v1.6 sample color configuration
)
Package color Info: Driver file: pdftex.def on input line 149.

(C:\Users\PMLS\AppData\Local\Programs\MiKTeX\tex/latex/graphics\mathcolor.ltx))
(C:\Users\PMLS\AppData\Local\Programs\MiKTeX\tex/latex/listings\lstlang1.sty
File: lstlang1.sty 2024/05/25 1.10b listings language file
)
(C:\Users\PMLS\AppData\Local\Programs\MiKTeX\tex/latex/listings\lstlang1.sty
File: lstlang1.sty 2024/05/25 1.10b listings language file
)
(C:\Users\PMLS\AppData\Local\Programs\MiKTeX\tex/latex/listings\lstmisc.sty
File: lstmisc.sty 2024/05/25 1.10b (Carsten Heinz)
)
LaTeX Font Info:    Trying to load font information for OT1+ptm on input line 3
5.

(C:\Users\PMLS\AppData\Local\Programs\MiKTeX\tex/latex/psnfss\ot1ptm.fd
File: ot1ptm.fd 2001/06/04 font definitions for OT1/ptm.
)
(C:\Users\PMLS\AppData\Local\Programs\MiKTeX\tex/latex/l3backend\l3backend-pdft
ex.def
File: l3backend-pdftex.def 2024-05-08 L3 backend support: PDF output (pdfTeX)
\l__color_backend_stack_int=\count293
\l__pdf_internal_box=\box56
) (main.aux (abstract.aux) (acknowledgment.aux) (chapter1.aux)
(chapter2.aux) (chapter3.aux) (chapter4.aux) (chapter5.aux) (chapter6.aux))
\openout1 = `main.aux'.

LaTeX Font Info:    Checking defaults for OML/cmm/m/it on input line 35.
LaTeX Font Info:    ... okay on input line 35.
LaTeX Font Info:    Checking defaults for OMS/cmsy/m/n on input line 35.
LaTeX Font Info:    ... okay on input line 35.
LaTeX Font Info:    Checking defaults for OT1/cmr/m/n on input line 35.
LaTeX Font Info:    ... okay on input line 35.
LaTeX Font Info:    Checking defaults for T1/cmr/m/n on input line 35.
LaTeX Font Info:    ... okay on input line 35.
LaTeX Font Info:    Checking defaults for TS1/cmr/m/n on input line 35.
LaTeX Font Info:    ... okay on input line 35.
LaTeX Font Info:    Checking defaults for OMX/cmex/m/n on input line 35.
LaTeX Font Info:    ... okay on input line 35.
LaTeX Font Info:    Checking defaults for U/cmr/m/n on input line 35.
LaTeX Font Info:    ... okay on input line 35.
LaTeX Font Info:    Checking defaults for PD1/pdf/m/n on input line 35.
LaTeX Font Info:    ... okay on input line 35.
LaTeX Font Info:    Checking defaults for PU/pdf/m/n on input line 35.
LaTeX Font Info:    ... okay on input line 35.

(C:\Users\PMLS\AppData\Local\Programs\MiKTeX\tex/context/base/mkii\supp-pdf.mki
i
[Loading MPS to PDF converter (version 2006.09.02).]
\scratchcounter=\count294
\scratchdimen=\dimen160
\scratchbox=\box57
\nofMPsegments=\count295
\nofMParguments=\count296
\everyMPshowfont=\toks22
\MPscratchCnt=\count297
\MPscratchDim=\dimen161
\MPnumerator=\count298
\makeMPintoPDFobject=\count299
\everyMPtoPDFconversion=\toks23
)
(C:\Users\PMLS\AppData\Local\Programs\MiKTeX\tex/latex/epstopdf-pkg\epstopdf-ba
se.sty
Package: epstopdf-base 2020-01-24 v2.11 Base part for package epstopdf
Package epstopdf-base Info: Redefining graphics rule for `.eps' on input line 4
85.

(C:\Users\PMLS\AppData\Local\Programs\MiKTeX\tex/latex/00miktex\epstopdf-sys.cf
g
File: epstopdf-sys.cfg 2021/03/18 v2.0 Configuration of epstopdf for MiKTeX
))
*geometry* driver: auto-detecting
*geometry* detected driver: pdftex
*geometry* verbose mode - [ preamble ] result:
* driver: pdftex
* paper: a4paper
* layout: <same size as paper>
* layoutoffset:(h,v)=(0.0pt,0.0pt)
* modes: 
* h-part:(L,W,R)=(89.62709pt, 418.25368pt, 89.6271pt)
* v-part:(T,H,B)=(56.9055pt, 686.7347pt, 101.40665pt)
* \paperwidth=597.50787pt
* \paperheight=845.04684pt
* \textwidth=418.25368pt
* \textheight=686.7347pt
* \oddsidemargin=17.3571pt
* \evensidemargin=17.3571pt
* \topmargin=-52.36449pt
* \headheight=12.0pt
* \headsep=25.0pt
* \topskip=12.0pt
* \footskip=30.0pt
* \marginparwidth=35.0pt
* \marginparsep=10.0pt
* \columnsep=10.0pt
* \skip\footins=10.8pt plus 4.0pt minus 2.0pt
* \hoffset=0.0pt
* \voffset=0.0pt
* \mag=1000
* \@twocolumnfalse
* \@twosidefalse
* \@mparswitchfalse
* \@reversemarginfalse
* (1in=72.27pt=25.4mm, 1cm=28.453pt)

Package hyperref Info: Link coloring OFF on input line 35.
(main.out) (main.out)
\@outlinefile=\write3
\openout3 = `main.out'.

\c@lstlisting=\count300
 (title.tex
<D:/UoPLOGO.jpg, id=499, 40.953pt x 46.2528pt>
File: D:/UoPLOGO.jpg Graphic file (type jpg)
<use D:/UoPLOGO.jpg>
Package pdftex.def Info: D:/UoPLOGO.jpg  used on input line 11.
(pdftex.def)             Requested size: 213.47539pt x 213.4077pt.
)

[1

{C:/Users/PMLS/AppData/Local/MiKTeX/fonts/map/pdftex/pdftex.map}{C:/Users/PMLS/
AppData/Local/Programs/MiKTeX/fonts/enc/dvips/base/8r.enc} <D:/UoPLOGO.jpg>]
\openout2 = `abstract.aux'.


(abstract.tex)


pdfTeX warning (ext4): destination with the same identifier (name{page.1}) has 
been already used, duplicate ignored
<to be read again> 
                   \relax 
l.41 	\include{abstract}
                         [1


]
\openout2 = `acknowledgment.aux'.

 (acknowledgment.tex
Overfull \hbox (0.26328pt too wide) in paragraph at lines 6--7
[]\OT1/ptm/m/n/12 My ex-pe-ri-ence at Cres-cent Cy-ber sig-nif-i-cantly en-rich
ed my un-der-stand-ing and skills,
 []

)

[2



] (main.toc
LaTeX Font Info:    External font `cmex10' loaded for size
(Font)              <12> on input line 2.
LaTeX Font Info:    External font `cmex10' loaded for size
(Font)              <8> on input line 2.
LaTeX Font Info:    External font `cmex10' loaded for size
(Font)              <6> on input line 2.


[3



]

[4])
\tf@toc=\write4
\openout4 = `main.toc'.



[5] (main.lof)
\tf@lof=\write5
\openout5 = `main.lof'.



[6

]
\openout2 = `chapter1.aux'.

 (chapter1.tex
Chapter 1.
LaTeX Font Info:    Trying to load font information for TS1+ptm on input line 8
.
(C:\Users\PMLS\AppData\Local\Programs\MiKTeX\tex/latex/psnfss\ts1ptm.fd
File: ts1ptm.fd 2001/06/04 font definitions for TS1/ptm.
)

[7


]
Overfull \hbox (0.42151pt too wide) in paragraph at lines 39--40
[]\OT1/ptm/m/n/12 Direct3D on Win-dows and X-box 360: Used to ren-der in three-
dimensional graph-
 []



[8]

[9])

[10]
\openout2 = `chapter2.aux'.

 (chapter2.tex
Chapter 2.


[11




]

[12]
Underfull \hbox (badness 10000) in paragraph at lines 57--58

 []



[13]

[14])

[15]
\openout2 = `chapter3.aux'.

 (chapter3.tex
Chapter 3.


[16




]

[17]

[18]
Underfull \hbox (badness 10000) in paragraph at lines 109--112

 []


Underfull \hbox (badness 10000) in paragraph at lines 109--112

 []

<UseCase(1).png, id=739, 1073.00874pt x 681.54625pt>
File: UseCase(1).png Graphic file (type png)
<use UseCase(1).png>
Package pdftex.def Info: UseCase(1).png  used on input line 116.
(pdftex.def)             Requested size: 455.24498pt x 341.43785pt.

Overfull \hbox (36.9913pt too wide) in paragraph at lines 116--117
 [][] 
 []



[19]

[20 <./UseCase(1).png>]

[21]

[22])

[23]
\openout2 = `chapter4.aux'.

 (chapter4.tex
Chapter 4.
<C://Users/PMLS/Desktop/Thesis/Latex Thesis/GameEngine.png, id=775, 697.60625pt
 x 355.3275pt>
File: C://Users/PMLS/Desktop/Thesis/Latex Thesis/GameEngine.png Graphic file (t
ype png)
<use C://Users/PMLS/Desktop/Thesis/Latex Thesis/GameEngine.png>
Package pdftex.def Info: C://Users/PMLS/Desktop/Thesis/Latex Thesis/GameEngine.
png  used on input line 22.
(pdftex.def)             Requested size: 512.17558pt x 341.44124pt.

Overfull \hbox (93.9219pt too wide) in paragraph at lines 22--23
 [][] 
 []



[24




]
Overfull \hbox (10.1531pt too wide) in paragraph at lines 32--33
\OT1/ptm/m/n/12 data, player progress and other in-for-ma-tion that needs to be
 per-sisted in the database.
 []



[25 <C://Users/PMLS/Desktop/Thesis/Latex Thesis/GameEngine.png>]
Overfull \hbox (7.39354pt too wide) in paragraph at lines 45--46
\OT1/ptm/m/n/12 both Entity-Component-System (ECS) ar-chi-tec-ture and mod-u-la
r ar-chi-tec-ture. The game's
 []



[26]

[27]
<C://Users/PMLS/Desktop/Thesis/Latex Thesis/ArchitectureofProximityA4.png, id=8
07, 863.225pt x 4031.06pt>
File: C://Users/PMLS/Desktop/Thesis/Latex Thesis/ArchitectureofProximityA4.png 
Graphic file (type png)
<use C://Users/PMLS/Desktop/Thesis/Latex Thesis/ArchitectureofProximityA4.png>
Package pdftex.def Info: C://Users/PMLS/Desktop/Thesis/Latex Thesis/Architectur
eofProximityA4.png  used on input line 125.
(pdftex.def)             Requested size: 113.80379pt x 341.37463pt.


[28 <C://Users/PMLS/Desktop/Thesis/Latex Thesis/ArchitectureofProximityA4.png>]


[29]
<C://Users/PMLS/Desktop/Thesis/Latex Thesis/ComponentDesign.png, id=821, 1943.2
6pt x 10373.75626pt>
File: C://Users/PMLS/Desktop/Thesis/Latex Thesis/ComponentDesign.png Graphic fi
le (type png)
<use C://Users/PMLS/Desktop/Thesis/Latex Thesis/ComponentDesign.png>
Package pdftex.def Info: C://Users/PMLS/Desktop/Thesis/Latex Thesis/ComponentDe
sign.png  used on input line 241.
(pdftex.def)             Requested size: 170.70496pt x 455.24368pt.


[30]

[31 <C://Users/PMLS/Desktop/Thesis/Latex Thesis/ComponentDesign.png>]
<C://Users/PMLS/Desktop/Thesis/Latex Thesis/ActivityDiagram.png, id=841, 874.26
625pt x 1979.395pt>
File: C://Users/PMLS/Desktop/Thesis/Latex Thesis/ActivityDiagram.png Graphic fi
le (type png)
<use C://Users/PMLS/Desktop/Thesis/Latex Thesis/ActivityDiagram.png>
Package pdftex.def Info: C://Users/PMLS/Desktop/Thesis/Latex Thesis/ActivityDia
gram.png  used on input line 271.
(pdftex.def)             Requested size: 341.42937pt x 455.22108pt.
LaTeX Font Info:    Trying to load font information for OT1+pcr on input line 2
76.

(C:\Users\PMLS\AppData\Local\Programs\MiKTeX\tex/latex/psnfss\ot1pcr.fd
File: ot1pcr.fd 2001/06/04 font definitions for OT1/pcr.
)
Overfull \hbox (11.15323pt too wide) in paragraph at lines 276--277
\OT1/pcr/m/n/12 InputManager\OT1/ptm/m/n/12 , \OT1/pcr/m/n/12 PhysicsEngine\OT1
/ptm/m/n/12 , \OT1/pcr/m/n/12 GraphicsEngine\OT1/ptm/m/n/12 , \OT1/pcr/m/n/12 A
ISystem\OT1/ptm/m/n/12 ). These classes
 []



[32 <C://Users/PMLS/Desktop/Thesis/Latex Thesis/ActivityDiagram.png>]
<C://Users/PMLS/Desktop/Thesis/Latex Thesis/ClassDiagram.jpg, id=850, 3030.3212
4pt x 1052.93375pt>
File: C://Users/PMLS/Desktop/Thesis/Latex Thesis/ClassDiagram.jpg Graphic file 
(type jpg)
<use C://Users/PMLS/Desktop/Thesis/Latex Thesis/ClassDiagram.jpg>
Package pdftex.def Info: C://Users/PMLS/Desktop/Thesis/Latex Thesis/ClassDiagra
m.jpg  used on input line 294.
(pdftex.def)             Requested size: 455.22217pt x 170.70607pt.

Overfull \hbox (36.96849pt too wide) in paragraph at lines 294--295
 [][] 
 []


Overfull \hbox (11.15323pt too wide) in paragraph at lines 301--302
\OT1/pcr/m/n/12 InputManager\OT1/ptm/m/n/12 , \OT1/pcr/m/n/12 PhysicsEngine\OT1
/ptm/m/n/12 , \OT1/pcr/m/n/12 GraphicsEngine\OT1/ptm/m/n/12 , \OT1/pcr/m/n/12 A
ISystem\OT1/ptm/m/n/12 ). These classes
 []



[33 <C://Users/PMLS/Desktop/Thesis/Latex Thesis/ClassDiagram.jpg>]
<C://Users/PMLS/Desktop/Thesis/Latex Thesis/DataFlowDiagramLevel0ng.png, id=855
, 393.47pt x 351.3125pt>
File: C://Users/PMLS/Desktop/Thesis/Latex Thesis/DataFlowDiagramLevel0ng.png Gr
aphic file (type png)
<use C://Users/PMLS/Desktop/Thesis/Latex Thesis/DataFlowDiagramLevel0ng.png>
Package pdftex.def Info: C://Users/PMLS/Desktop/Thesis/Latex Thesis/DataFlowDia
gramLevel0ng.png  used on input line 316.
(pdftex.def)             Requested size: 284.52296pt x 170.7187pt.


[34 <C://Users/PMLS/Desktop/Thesis/Latex Thesis/DataFlowDiagramLevel0ng.png>]
<C://Users/PMLS/Desktop/Thesis/Latex Thesis/DataFlowDiagramLevel1.png, id=861, 
1278.7775pt x 964.60374pt>
File: C://Users/PMLS/Desktop/Thesis/Latex Thesis/DataFlowDiagramLevel1.png Grap
hic file (type png)
<use C://Users/PMLS/Desktop/Thesis/Latex Thesis/DataFlowDiagramLevel1.png>
Package pdftex.def Info: C://Users/PMLS/Desktop/Thesis/Latex Thesis/DataFlowDia
gramLevel1.png  used on input line 348.
(pdftex.def)             Requested size: 455.24727pt x 227.60918pt.

Overfull \hbox (36.99359pt too wide) in paragraph at lines 348--349
 [][] 
 []



[35]

[36 <C://Users/PMLS/Desktop/Thesis/Latex Thesis/DataFlowDiagramLevel1.png>]
<C://Users/PMLS/Desktop/Thesis/Latex Thesis/DataDesign.png, id=874, 2178.1375pt
 x 1249.66875pt>
File: C://Users/PMLS/Desktop/Thesis/Latex Thesis/DataDesign.png Graphic file (t
ype png)
<use C://Users/PMLS/Desktop/Thesis/Latex Thesis/DataDesign.png>
Package pdftex.def Info: C://Users/PMLS/Desktop/Thesis/Latex Thesis/DataDesign.
png  used on input line 383.
(pdftex.def)             Requested size: 398.32938pt x 284.51938pt.

Underfull \hbox (badness 10000) in paragraph at lines 378--386

 []


Underfull \hbox (badness 10000) in paragraph at lines 389--423

 []


Underfull \hbox (badness 10000) in paragraph at lines 389--423

 []


Underfull \hbox (badness 10000) in paragraph at lines 389--423

 []


Underfull \hbox (badness 10000) in paragraph at lines 389--423

 []


Underfull \hbox (badness 10000) in paragraph at lines 389--423

 []


Underfull \hbox (badness 10000) in paragraph at lines 389--423

 []


Underfull \hbox (badness 10000) in paragraph at lines 389--423

 []


Underfull \hbox (badness 10000) in paragraph at lines 389--423

 []



[37 <C://Users/PMLS/Desktop/Thesis/Latex Thesis/DataDesign.png>]
<C://Users/PMLS/Desktop/Thesis/Latex Thesis/ERD (1).png, id=881, 1402.23875pt x
 1249.66875pt>
File: C://Users/PMLS/Desktop/Thesis/Latex Thesis/ERD (1).png Graphic file (type
 png)
<use C://Users/PMLS/Desktop/Thesis/Latex Thesis/ERD (1).png>
Package pdftex.def Info: C://Users/PMLS/Desktop/Thesis/Latex Thesis/ERD (1).png
  used on input line 428.
(pdftex.def)             Requested size: 455.23009pt x 284.51938pt.

Overfull \hbox (36.97641pt too wide) in paragraph at lines 428--429
 [][] 
 []



[38 <C://Users/PMLS/Desktop/Thesis/Latex Thesis/ERD (1).png>])

[39]
\openout2 = `chapter5.aux'.

 (chapter5.tex
Chapter 5.


[40




]
<C://Users/PMLS/Desktop/Thesis/Latex Thesis/Design of Implemented Module Struct
ure.png, id=897, 611.28375pt x 1149.29375pt>
File: C://Users/PMLS/Desktop/Thesis/Latex Thesis/Design of Implemented Module S
tructure.png Graphic file (type png)
<use C://Users/PMLS/Desktop/Thesis/Latex Thesis/Design of Implemented Module St
ructure.png>
Package pdftex.def Info: C://Users/PMLS/Desktop/Thesis/Latex Thesis/Design of I
mplemented Module Structure.png  used on input line 48.
(pdftex.def)             Requested size: 455.24373pt x 512.1619pt.

Overfull \hbox (36.99005pt too wide) in paragraph at lines 48--49
 [][] 
 []



[41]

[42 <C://Users/PMLS/Desktop/Thesis/Latex Thesis/Design of Implemented Module St
ructure.png>]
Overfull \hbox (0.98506pt too wide) in paragraph at lines 67--68
[]\OT1/ptm/m/n/12 Updates the user in-ter-face dy-nam-i-cally based on player a
c-tions and sta-tus changes. 
 []



[43]

[44]

[45]

[46]
Overfull \hbox (0.7095pt too wide) in paragraph at lines 234--236
[]\OT1/ptm/b/n/12 Explanation \OT1/ptm/m/n/12 To make sure that var-i-ous game 
el-e-ments|such as AI, player health,
 []



[47]
Overfull \hbox (41.82866pt too wide) in paragraph at lines 256--289
 [][] 
 []



[48]
Overfull \hbox (54.48213pt too wide) in paragraph at lines 318--324
 [][] 
 []


Overfull \hbox (1.12944pt too wide) in paragraph at lines 344--346
[]\OT1/ptm/b/n/12 Weapon Switch-ing Mech-a-nism: \OT1/ptm/m/n/12 The present we
apon swap-ping sys-tem is clumsy
 []



[49])

[50]
\openout2 = `chapter6.aux'.

 (chapter6.tex
Chapter 6.


[51




]
<C://Users/PMLS/Desktop/Thesis/Latex Thesis/Deployment DiagramM.png, id=1052, 9
38.50626pt x 751.80875pt>
File: C://Users/PMLS/Desktop/Thesis/Latex Thesis/Deployment DiagramM.png Graphi
c file (type png)
<use C://Users/PMLS/Desktop/Thesis/Latex Thesis/Deployment DiagramM.png>
Package pdftex.def Info: C://Users/PMLS/Desktop/Thesis/Latex Thesis/Deployment 
DiagramM.png  used on input line 75.
(pdftex.def)             Requested size: 398.33719pt x 398.34201pt.

Underfull \hbox (badness 10000) in paragraph at lines 72--78

 []



[52])

[53 <C://Users/PMLS/Desktop/Thesis/Latex Thesis/Deployment DiagramM.png>]
(main.bbl
Underfull \hbox (badness 4899) in paragraph at lines 10--14
[]\OT1/ptm/m/sc/12 Fowler, M.  \OT1/ptm/m/n/12 Unit test.  []$\OT1/pcr/m/n/12 h
ttps : / / martinfowler . com / bliki /
 []

)

[54



] (main.aux (abstract.aux) (acknowledgment.aux) (chapter1.aux) (chapter2.aux) (
chapter3.aux) (chapter4.aux) (chapter5.aux) (chapter6.aux))
 ***********
LaTeX2e <2024-06-01> patch level 2
L3 programming layer <2024-08-30>
 ***********
Package rerunfilecheck Info: File `main.out' has not changed.
(rerunfilecheck)             Checksum: AE075014185BBB0A98B48519870D8F14;19569.
 ) 
Here is how much of TeX's memory you used:
 12030 strings out of 473898
 191573 string characters out of 5726951
 825801 words of memory out of 5000000
 34357 multiletter control sequences out of 15000+600000
 575674 words of font info for 68 fonts, out of 8000000 for 9000
 1141 hyphenation exceptions out of 8191
 75i,9n,79p,701b,2032s stack positions out of 10000i,1000n,20000p,200000b,200000s
<C:/Users/PMLS/AppData/Local/Programs/MiKTeX/fonts/type1/urw/courier/ucrr8a.p
fb><C:/Users/PMLS/AppData/Local/Programs/MiKTeX/fonts/type1/urw/times/utmb8a.pf
b><C:/Users/PMLS/AppData/Local/Programs/MiKTeX/fonts/type1/urw/times/utmr8a.pfb
><C:/Users/PMLS/AppData/Local/Programs/MiKTeX/fonts/type1/urw/times/utmri8a.pfb
>
Output written on main.pdf (55 pages, 1831228 bytes).
PDF statistics:
 1167 PDF objects out of 1200 (max. 8388607)
 348 named destinations out of 1000 (max. 500000)
 1058 words of extra memory for PDF output out of 10000 (max. 10000000)

